"../../../Engine/Content/EngineMaterials/T_Default_Material_Grid_N.uasset" 0
"../../../Engine/Content/EngineMaterials/T_Default_Material_Grid_N.uexp" 1
"../../../Engine/Content/EngineMaterials/T_Default_Material_Grid_N.ubulk" 2
"../../../Engine/Content/EngineMaterials/T_Default_Material_Grid_M.uasset" 3
"../../../Engine/Content/EngineMaterials/T_Default_Material_Grid_M.uexp" 4
"../../../Engine/Content/EngineMaterials/T_Default_Material_Grid_M.ubulk" 5
"../../../Engine/Content/Functions/Engine_MaterialFunctions01/Opacity/CameraDepthFade.uasset" 6
"../../../Engine/Content/Functions/Engine_MaterialFunctions01/Opacity/CameraDepthFade.uexp" 7
"../../../Engine/Content/EngineMaterials/WorldGridMaterial.uasset" 8
"../../../Engine/Content/EngineMaterials/WorldGridMaterial.uexp" 9
"../../../Engine/Content/ArtTools/RenderToTexture/Meshes/S_1_Unit_Plane.uasset" 10
"../../../Engine/Content/ArtTools/RenderToTexture/Meshes/S_1_Unit_Plane.uexp" 11
"../../../Engine/Content/EngineMaterials/DefaultMaterial.uasset" 12
"../../../Engine/Content/EngineMaterials/DefaultMaterial.uexp" 13
"../../../Engine/Content/BasicShapes/Cone.uasset" 14
"../../../Engine/Content/BasicShapes/Cone.uexp" 15
"../../../Engine/Content/BasicShapes/Cylinder.uasset" 16
"../../../Engine/Content/BasicShapes/Cylinder.uexp" 17
"../../../Engine/Content/BasicShapes/Plane.uasset" 18
"../../../Engine/Content/BasicShapes/Plane.uexp" 19
"../../../Engine/Content/BasicShapes/Sphere.uasset" 20
"../../../Engine/Content/BasicShapes/Sphere.uexp" 21
"../../../Engine/Content/EngineDamageTypes/DmgTypeBP_Environmental.uasset" 22
"../../../Engine/Content/EngineDamageTypes/DmgTypeBP_Environmental.uexp" 23
"../../../Engine/Content/EngineDebugMaterials/DebugEditorMaterial.uasset" 24
"../../../Engine/Content/EngineDebugMaterials/DebugEditorMaterial.uexp" 25
"../../../Engine/Content/EngineDebugMaterials/DebugMeshMaterial.uasset" 26
"../../../Engine/Content/EngineDebugMaterials/DebugMeshMaterial.uexp" 27
"../../../Engine/Content/EngineDebugMaterials/M_SimpleUnlitTranslucent.uasset" 28
"../../../Engine/Content/EngineDebugMaterials/M_SimpleUnlitTranslucent.uexp" 29
"../../../Engine/Content/EngineDebugMaterials/VolumeToRender.uasset" 30
"../../../Engine/Content/EngineDebugMaterials/VolumeToRender.uexp" 31
"../../../Engine/Content/Functions/Engine_MaterialFunctions02/Utility/CameraDirectionVector.uasset" 32
"../../../Engine/Content/Functions/Engine_MaterialFunctions02/Utility/CameraDirectionVector.uexp" 33
"../../../Engine/Content/EngineDebugMaterials/M_VolumeRenderSphereTracePP.uasset" 34
"../../../Engine/Content/EngineDebugMaterials/M_VolumeRenderSphereTracePP.uexp" 35
"../../../Engine/Content/EngineFonts/Faces/RobotoRegular.uasset" 36
"../../../Engine/Content/EngineFonts/Faces/RobotoRegular.uexp" 37
"../../../Engine/Content/EngineFonts/Faces/RobotoRegular.ufont" 38
"../../../Engine/Content/EngineFonts/Faces/RobotoLight.uasset" 39
"../../../Engine/Content/EngineFonts/Faces/RobotoLight.uexp" 40
"../../../Engine/Content/EngineFonts/Faces/RobotoLight.ufont" 41
"../../../Engine/Content/EngineFonts/Faces/RobotoItalic.uasset" 42
"../../../Engine/Content/EngineFonts/Faces/RobotoItalic.uexp" 43
"../../../Engine/Content/EngineFonts/Faces/RobotoItalic.ufont" 44
"../../../Engine/Content/EngineFonts/Faces/RobotoBoldItalic.uasset" 45
"../../../Engine/Content/EngineFonts/Faces/RobotoBoldItalic.uexp" 46
"../../../Engine/Content/EngineFonts/Faces/RobotoBoldItalic.ufont" 47
"../../../Engine/Content/EngineFonts/Faces/RobotoBold.uasset" 48
"../../../Engine/Content/EngineFonts/Faces/RobotoBold.uexp" 49
"../../../Engine/Content/EngineFonts/Faces/RobotoBold.ufont" 50
"../../../Engine/Content/EngineFonts/Faces/DroidSansFallback.uasset" 51
"../../../Engine/Content/EngineFonts/Faces/DroidSansFallback.uexp" 52
"../../../Engine/Content/EngineFonts/Faces/DroidSansFallback.ufont" 53
"../../../Engine/Content/EngineFonts/Roboto.uasset" 54
"../../../Engine/Content/EngineFonts/Roboto.uexp" 55
"../../../Engine/Content/EngineMaterials/BaseFlattenNormalMap.uasset" 56
"../../../Engine/Content/EngineMaterials/BaseFlattenNormalMap.uexp" 57
"../../../Engine/Content/EngineMaterials/BaseFlattenGrayscaleMap.uasset" 58
"../../../Engine/Content/EngineMaterials/BaseFlattenGrayscaleMap.uexp" 59
"../../../Engine/Content/EngineMaterials/BaseFlattenEmissiveMap.uasset" 60
"../../../Engine/Content/EngineMaterials/BaseFlattenEmissiveMap.uexp" 61
"../../../Engine/Content/EngineMaterials/BaseFlattenDiffuseMap.uasset" 62
"../../../Engine/Content/EngineMaterials/BaseFlattenDiffuseMap.uexp" 63
"../../../Engine/Content/EngineMaterials/BaseFlattenMaterial.uasset" 64
"../../../Engine/Content/EngineMaterials/BaseFlattenMaterial.uexp" 65
"../../../Engine/Content/EngineMaterials/BlueNoise.uasset" 66
"../../../Engine/Content/EngineMaterials/BlueNoise.uexp" 67
"../../../Engine/Content/EngineMaterials/DefaultBloomKernel.uasset" 68
"../../../Engine/Content/EngineMaterials/DefaultBloomKernel.uexp" 69
"../../../Engine/Content/EngineMaterials/DefaultBokeh.uasset" 70
"../../../Engine/Content/EngineMaterials/DefaultBokeh.uexp" 71
"../../../Engine/Content/EngineMaterials/DefaultDiffuse.uasset" 72
"../../../Engine/Content/EngineMaterials/DefaultDiffuse.uexp" 73
"../../../Engine/Content/EngineMaterials/DefaultDiffuse.ubulk" 74
"../../../Engine/Content/EngineMaterials/DefaultDeferredDecalMaterial.uasset" 75
"../../../Engine/Content/EngineMaterials/DefaultDeferredDecalMaterial.uexp" 76
"../../../Engine/Content/EngineMaterials/DefaultLightFunctionMaterial.uasset" 77
"../../../Engine/Content/EngineMaterials/DefaultLightFunctionMaterial.uexp" 78
"../../../Engine/Content/EngineMaterials/DefaultPhysicalMaterial.uasset" 79
"../../../Engine/Content/EngineMaterials/DefaultPhysicalMaterial.uexp" 80
"../../../Engine/Content/Functions/Engine_MaterialFunctions02/Utility/BreakOutFloat2Components.uasset" 81
"../../../Engine/Content/Functions/Engine_MaterialFunctions02/Utility/BreakOutFloat2Components.uexp" 82
"../../../Engine/Content/EngineMaterials/DefaultPostProcessMaterial.uasset" 83
"../../../Engine/Content/EngineMaterials/DefaultPostProcessMaterial.uexp" 84
"../../../Engine/Content/EngineFonts/RobotoDistanceField.uasset" 85
"../../../Engine/Content/EngineFonts/RobotoDistanceField.uexp" 86
"../../../Engine/Content/EngineMaterials/DefaultTextMaterialOpaque.uasset" 87
"../../../Engine/Content/EngineMaterials/DefaultTextMaterialOpaque.uexp" 88
"../../../Engine/Content/EngineMaterials/DefaultWhiteGrid.uasset" 89
"../../../Engine/Content/EngineMaterials/DefaultWhiteGrid.uexp" 90
"../../../Engine/Content/EngineMaterials/DefaultWhiteGrid.ubulk" 91
"../../../Engine/Content/EngineMaterials/DefaultWhiteGrid_Low.uasset" 92
"../../../Engine/Content/EngineMaterials/DefaultWhiteGrid_Low.uexp" 93
"../../../Engine/Content/EngineMaterials/EmissiveMeshMaterial.uasset" 94
"../../../Engine/Content/EngineMaterials/EmissiveMeshMaterial.uexp" 95
"../../../Engine/Content/EngineMaterials/GizmoMaterial.uasset" 96
"../../../Engine/Content/EngineMaterials/GizmoMaterial.uexp" 97
"../../../Engine/Content/EngineMaterials/Good64x64TilingNoiseHighFreq.uasset" 98
"../../../Engine/Content/EngineMaterials/Good64x64TilingNoiseHighFreq.uexp" 99
"../../../Engine/Content/EngineMaterials/MiniFont.uasset" 100
"../../../Engine/Content/EngineMaterials/MiniFont.uexp" 101
"../../../Engine/Content/EngineMaterials/InvalidLightmapSettings.uasset" 102
"../../../Engine/Content/EngineMaterials/InvalidLightmapSettings.uexp" 103
"../../../Engine/Content/EngineMaterials/InvalidLightmapSettings.ubulk" 104
"../../../Engine/Content/EngineMaterials/M_InvalidLightmapSettings.uasset" 105
"../../../Engine/Content/EngineMaterials/M_InvalidLightmapSettings.uexp" 106
"../../../Engine/Content/Functions/Engine_MaterialFunctions02/WorldPositionOffset/CameraOffset.uasset" 107
"../../../Engine/Content/Functions/Engine_MaterialFunctions02/WorldPositionOffset/CameraOffset.uexp" 108
"../../../Engine/Content/EngineMaterials/PhAT_JointLimitMaterial.uasset" 109
"../../../Engine/Content/EngineMaterials/PhAT_JointLimitMaterial.uexp" 110
"../../../Engine/Content/EngineMaterials/DefaultCalibrationColor.uasset" 111
"../../../Engine/Content/EngineMaterials/DefaultCalibrationColor.uexp" 112
"../../../Engine/Content/EngineMaterials/PPM_DefaultCalibrationColor.uasset" 113
"../../../Engine/Content/EngineMaterials/PPM_DefaultCalibrationColor.uexp" 114
"../../../Engine/Content/EngineMaterials/DefaultCalibrationGrayscale.uasset" 115
"../../../Engine/Content/EngineMaterials/DefaultCalibrationGrayscale.uexp" 116
"../../../Engine/Content/EngineMaterials/PPM_DefaultCalibrationGrayscale.uasset" 117
"../../../Engine/Content/EngineMaterials/PPM_DefaultCalibrationGrayscale.uexp" 118
"../../../Engine/Content/EngineMaterials/PreintegratedSkinBRDF.uasset" 119
"../../../Engine/Content/EngineMaterials/PreintegratedSkinBRDF.uexp" 120
"../../../Engine/Content/EngineMaterials/RemoveSurfaceMaterial.uasset" 121
"../../../Engine/Content/EngineMaterials/RemoveSurfaceMaterial.uexp" 122
"../../../Engine/Content/EngineMaterials/WeightMapPlaceholderTexture.uasset" 123
"../../../Engine/Content/EngineMaterials/WeightMapPlaceholderTexture.uexp" 124
"../../../Engine/Content/EngineResources/WhiteSquareTexture.uasset" 125
"../../../Engine/Content/EngineResources/WhiteSquareTexture.uexp" 126
"../../../Engine/Content/EngineMaterials/Widget3DPassThrough.uasset" 127
"../../../Engine/Content/EngineMaterials/Widget3DPassThrough.uexp" 128
"../../../Engine/Content/EngineMaterials/Widget3DPassThrough_Masked.uasset" 129
"../../../Engine/Content/EngineMaterials/Widget3DPassThrough_Masked.uexp" 130
"../../../Engine/Content/EngineMaterials/Widget3DPassThrough_Opaque.uasset" 131
"../../../Engine/Content/EngineMaterials/Widget3DPassThrough_Opaque.uexp" 132
"../../../Engine/Content/EngineMaterials/Widget3DPassThrough_Masked_OneSided.uasset" 133
"../../../Engine/Content/EngineMaterials/Widget3DPassThrough_Masked_OneSided.uexp" 134
"../../../Engine/Content/EngineMaterials/Widget3DPassThrough_Opaque_OneSided.uasset" 135
"../../../Engine/Content/EngineMaterials/Widget3DPassThrough_Opaque_OneSided.uexp" 136
"../../../Engine/Content/EngineMaterials/Widget3DPassThrough_Translucent.uasset" 137
"../../../Engine/Content/EngineMaterials/Widget3DPassThrough_Translucent.uexp" 138
"../../../Engine/Content/EngineMaterials/Widget3DPassThrough_Translucent_OneSided.uasset" 139
"../../../Engine/Content/EngineMaterials/Widget3DPassThrough_Translucent_OneSided.uexp" 140
"../../../Engine/Content/EngineMeshes/Cylinder.uasset" 141
"../../../Engine/Content/EngineMeshes/Cylinder.uexp" 142
"../../../Engine/Content/EngineMeshes/Sphere.uasset" 143
"../../../Engine/Content/EngineMeshes/Sphere.uexp" 144
"../../../Engine/Content/EngineResources/DefaultTexture.uasset" 145
"../../../Engine/Content/EngineResources/DefaultTexture.uexp" 146
"../../../Engine/Content/EngineResources/DefaultTexture.ubulk" 147
"../../../Engine/Content/EngineResources/DefaultTextureCube.uasset" 148
"../../../Engine/Content/EngineResources/DefaultTextureCube.uexp" 149
"../../../Engine/Content/EngineResources/DefaultVolumeTexture2D.uasset" 150
"../../../Engine/Content/EngineResources/DefaultVolumeTexture2D.uexp" 151
"../../../Engine/Content/EngineResources/DefaultVolumeTexture.uasset" 152
"../../../Engine/Content/EngineResources/DefaultVolumeTexture.uexp" 153
"../../../Engine/Content/EngineResources/GradientTexture0.uasset" 154
"../../../Engine/Content/EngineResources/GradientTexture0.uexp" 155
"../../../Engine/Content/EngineSky/VolumetricClouds/T_NoiseShape64.uasset" 156
"../../../Engine/Content/EngineSky/VolumetricClouds/T_NoiseShape64.uexp" 157
"../../../Engine/Content/EngineSky/VolumetricClouds/T_NoiseShape64.ubulk" 158
"../../../Engine/Content/EngineSky/VolumetricClouds/T_VolumeNoiseShape64.uasset" 159
"../../../Engine/Content/EngineSky/VolumetricClouds/T_VolumeNoiseShape64.uexp" 160
"../../../Engine/Content/EngineSky/VolumetricClouds/T_NoiseErosion.uasset" 161
"../../../Engine/Content/EngineSky/VolumetricClouds/T_NoiseErosion.uexp" 162
"../../../Engine/Content/EngineSky/VolumetricClouds/T_NoiseErosion.ubulk" 163
"../../../Engine/Content/EngineSky/VolumetricClouds/T_VolumeNoiseErosion32.uasset" 164
"../../../Engine/Content/EngineSky/VolumetricClouds/T_VolumeNoiseErosion32.uexp" 165
"../../../Engine/Content/EngineSky/VolumetricClouds/CloudWeatherTexture.uasset" 166
"../../../Engine/Content/EngineSky/VolumetricClouds/CloudWeatherTexture.uexp" 167
"../../../Engine/Content/EngineSky/VolumetricClouds/CloudGradientTexture.uasset" 168
"../../../Engine/Content/EngineSky/VolumetricClouds/CloudGradientTexture.uexp" 169
"../../../Engine/Content/Functions/Engine_MaterialFunctions02/Utility/MakeFloat2.uasset" 170
"../../../Engine/Content/Functions/Engine_MaterialFunctions02/Utility/MakeFloat2.uexp" 171
"../../../Engine/Content/EngineSky/VolumetricClouds/m_SimpleVolumetricCloud.uasset" 172
"../../../Engine/Content/EngineSky/VolumetricClouds/m_SimpleVolumetricCloud.uexp" 173
"../../../Engine/Content/EngineSky/VolumetricClouds/m_SimpleVolumetricCloud_Inst.uasset" 174
"../../../Engine/Content/EngineSky/VolumetricClouds/m_SimpleVolumetricCloud_Inst.uexp" 175
"../../../Engine/Content/EngineSounds/Master.uasset" 176
"../../../Engine/Content/EngineSounds/Master.uexp" 177
"../../../Engine/Content/Functions/Engine_MaterialFunctions01/Shading/ConvertFromDiffSpec.uasset" 178
"../../../Engine/Content/Functions/Engine_MaterialFunctions01/Shading/ConvertFromDiffSpec.uexp" 179
"../../../Engine/Content/Functions/Engine_MaterialFunctions01/Shading/PowerToRoughness.uasset" 180
"../../../Engine/Content/Functions/Engine_MaterialFunctions01/Shading/PowerToRoughness.uexp" 181
"../../../Engine/Content/Maps/Templates/Thumbnails/Default.uasset" 182
"../../../Engine/Content/Maps/Templates/Thumbnails/Default.uexp" 183
"../../../Engine/Content/Maps/Templates/Thumbnails/TimeOfDay.uasset" 184
"../../../Engine/Content/Maps/Templates/Thumbnails/TimeOfDay.uexp" 185
"../../../Engine/Content/Maps/Templates/Thumbnails/VR-Basic.uasset" 186
"../../../Engine/Content/Maps/Templates/Thumbnails/VR-Basic.uexp" 187
"../../../Engine/Content/MobileResources/T_MobileControls_texture.uasset" 188
"../../../Engine/Content/MobileResources/T_MobileControls_texture.uexp" 189
"../../../Engine/Content/MobileResources/T_MobileMenu2.uasset" 190
"../../../Engine/Content/MobileResources/T_MobileMenu2.uexp" 191
"../../../Engine/Content/MobileResources/HUD/AnalogHat.uasset" 192
"../../../Engine/Content/MobileResources/HUD/AnalogHat.uexp" 193
"../../../Engine/Content/MobileResources/HUD/VirtualJoystick_Thumb.uasset" 194
"../../../Engine/Content/MobileResources/HUD/VirtualJoystick_Thumb.uexp" 195
"../../../Engine/Content/MobileResources/HUD/VirtualJoystick_Background.uasset" 196
"../../../Engine/Content/MobileResources/HUD/VirtualJoystick_Background.uexp" 197
"../../../Engine/Content/MobileResources/HUD/DefaultVirtualJoysticks.uasset" 198
"../../../Engine/Content/MobileResources/HUD/DefaultVirtualJoysticks.uexp" 199
"../../../Engine/Content/MobileResources/HUD/LeftVirtualJoystickOnly.uasset" 200
"../../../Engine/Content/MobileResources/HUD/LeftVirtualJoystickOnly.uexp" 201
"../../../Engine/Content/MobileResources/HUD/MobileHUDButton1_off.uasset" 202
"../../../Engine/Content/MobileResources/HUD/MobileHUDButton1_off.uexp" 203
"../../../Engine/Content/MobileResources/HUD/MobileHUDButton1_on.uasset" 204
"../../../Engine/Content/MobileResources/HUD/MobileHUDButton1_on.uexp" 205
"../../../Engine/Content/MobileResources/HUD/MobileHUDButton2_off.uasset" 206
"../../../Engine/Content/MobileResources/HUD/MobileHUDButton2_off.uexp" 207
"../../../Engine/Content/MobileResources/HUD/MobileHUDButton2_on.uasset" 208
"../../../Engine/Content/MobileResources/HUD/MobileHUDButton2_on.uexp" 209
"../../../Engine/Content/MobileResources/HUD/MobileHUDButton3.uasset" 210
"../../../Engine/Content/MobileResources/HUD/MobileHUDButton3.uexp" 211
"../../../Engine/Content/MobileResources/HUD/MobileHUDButtonFire.uasset" 212
"../../../Engine/Content/MobileResources/HUD/MobileHUDButtonFire.uexp" 213
"../../../Engine/Content/MobileResources/HUD/MobileHUDDirectionPad.uasset" 214
"../../../Engine/Content/MobileResources/HUD/MobileHUDDirectionPad.uexp" 215
"../../../Engine/Content/MobileResources/HUD/MobileHUDDirectionPad2.uasset" 216
"../../../Engine/Content/MobileResources/HUD/MobileHUDDirectionPad2.uexp" 217
"../../../Engine/Content/MobileResources/HUD/MobileHUDDirectionPad3.uasset" 218
"../../../Engine/Content/MobileResources/HUD/MobileHUDDirectionPad3.uexp" 219
"../../../Engine/Content/MobileResources/HUD/MobileHUDDirectionStick.uasset" 220
"../../../Engine/Content/MobileResources/HUD/MobileHUDDirectionStick.uexp" 221
"../../../Engine/Content/MobileResources/HUD/T_Castle_ThumbstickInner.uasset" 222
"../../../Engine/Content/MobileResources/HUD/T_Castle_ThumbstickInner.uexp" 223
"../../../Engine/Content/MobileResources/HUD/T_Castle_ThumbstickOutter.uasset" 224
"../../../Engine/Content/MobileResources/HUD/T_Castle_ThumbstickOutter.uexp" 225
"../../../Engine/Content/Tutorial/ContentIntroCurve.uasset" 226
"../../../Engine/Content/Tutorial/ContentIntroCurve.uexp" 227
"../../../Engine/Content/Tutorial/Basics/TutorialAssets/icon_tab_Levels_40x.uasset" 228
"../../../Engine/Content/Tutorial/Basics/TutorialAssets/icon_tab_Levels_40x.uexp" 229
"../../../Engine/Content/Tutorial/BlueprintTutorials/TutorialAssets/Blueprint_64x.uasset" 230
"../../../Engine/Content/Tutorial/BlueprintTutorials/TutorialAssets/Blueprint_64x.uexp" 231
"../../../Engine/Content/Tutorial/BlueprintTutorials/TutorialAssets/BlueprintInterface_64x.uasset" 232
"../../../Engine/Content/Tutorial/BlueprintTutorials/TutorialAssets/BlueprintInterface_64x.uexp" 233
"../../../Engine/Content/Tutorial/BlueprintTutorials/TutorialAssets/BlueprintMacroLibrary_64x.uasset" 234
"../../../Engine/Content/Tutorial/BlueprintTutorials/TutorialAssets/BlueprintMacroLibrary_64x.uexp" 235
"../../../Engine/Content/Tutorial/BlueprintTutorials/TutorialAssets/Tutorial_BP_Interface.uasset" 236
"../../../Engine/Content/Tutorial/BlueprintTutorials/TutorialAssets/Tutorial_BP_Interface.uexp" 237
"../../../Engine/Content/Tutorial/SubEditors/TutorialAssets/TutorialMaterial.uasset" 238
"../../../Engine/Content/Tutorial/SubEditors/TutorialAssets/TutorialMaterial.uexp" 239
"../../../Engine/Content/Tutorial/SubEditors/TutorialAssets/T_soft_smoke.uasset" 240
"../../../Engine/Content/Tutorial/SubEditors/TutorialAssets/T_soft_smoke.uexp" 241
"../../../Engine/Content/Tutorial/SubEditors/TutorialAssets/T_soft_smoke.ubulk" 242
"../../../Engine/Content/Tutorial/SubEditors/TutorialAssets/T_SmokeSubUV_8X8.uasset" 243
"../../../Engine/Content/Tutorial/SubEditors/TutorialAssets/T_SmokeSubUV_8X8.uexp" 244
"../../../Engine/Content/Tutorial/SubEditors/TutorialAssets/T_SmokeSubUV_8X8.ubulk" 245
"../../../Engine/Content/Tutorial/SubEditors/TutorialAssets/M_smoke_subUV_blackbody.uasset" 246
"../../../Engine/Content/Tutorial/SubEditors/TutorialAssets/M_smoke_subUV_blackbody.uexp" 247
"../../../Engine/Content/Tutorial/SubEditors/TutorialAssets/TutorialParticleSystem.uasset" 248
"../../../Engine/Content/Tutorial/SubEditors/TutorialAssets/TutorialParticleSystem.uexp" 249
"../../../Engine/Content/Functions/Engine_MaterialFunctions02/Utility/BreakOutFloat3Components.uasset" 250
"../../../Engine/Content/Functions/Engine_MaterialFunctions02/Utility/BreakOutFloat3Components.uexp" 251
"../../../Engine/Plugins/Editor/SpeedTreeImporter/Content/SpeedTree9/UnpackInteger3.uasset" 252
"../../../Engine/Plugins/Editor/SpeedTreeImporter/Content/SpeedTree9/UnpackInteger3.uexp" 253
"../../../Engine/Plugins/Editor/SpeedTreeImporter/Content/SpeedTree9/UnpackDirection.uasset" 254
"../../../Engine/Plugins/Editor/SpeedTreeImporter/Content/SpeedTree9/UnpackDirection.uexp" 255
"../../../Engine/Plugins/Editor/SpeedTreeImporter/Content/SpeedTree9/game_wind_noise.uasset" 256
"../../../Engine/Plugins/Editor/SpeedTreeImporter/Content/SpeedTree9/game_wind_noise.uexp" 257
"../../../Engine/Plugins/Editor/SpeedTreeImporter/Content/SpeedTree9/game_wind_noise.ubulk" 258
"../../../Engine/Content/Functions/Engine_MaterialFunctions02/SafeNormalize.uasset" 259
"../../../Engine/Content/Functions/Engine_MaterialFunctions02/SafeNormalize.uexp" 260
"../../../Engine/Plugins/Editor/SpeedTreeImporter/Content/SpeedTree9/SpeedTreeWindMotion.uasset" 261
"../../../Engine/Plugins/Editor/SpeedTreeImporter/Content/SpeedTree9/SpeedTreeWindMotion.uexp" 262
"../../../Engine/Plugins/Editor/SpeedTreeImporter/Content/SpeedTree9/SpeedTreeBranchMotion.uasset" 263
"../../../Engine/Plugins/Editor/SpeedTreeImporter/Content/SpeedTree9/SpeedTreeBranchMotion.uexp" 264
"../../../Engine/Content/Functions/Engine_MaterialFunctions02/ObjectLocalBounds.uasset" 265
"../../../Engine/Content/Functions/Engine_MaterialFunctions02/ObjectLocalBounds.uexp" 266
"../../../Engine/Content/Functions/Engine_MaterialFunctions02/UVs/BoundingBoxBased_0-1_UVW.uasset" 267
"../../../Engine/Content/Functions/Engine_MaterialFunctions02/UVs/BoundingBoxBased_0-1_UVW.uexp" 268
"../../../Engine/Content/Functions/Engine_MaterialFunctions02/Utility/VectorLength.uasset" 269
"../../../Engine/Content/Functions/Engine_MaterialFunctions02/Utility/VectorLength.uexp" 270
"../../../Engine/Content/Functions/Engine_MaterialFunctions02/WorldPositionOffset/ObjectScale.uasset" 271
"../../../Engine/Content/Functions/Engine_MaterialFunctions02/WorldPositionOffset/ObjectScale.uexp" 272
"../../../Engine/Plugins/Editor/SpeedTreeImporter/Content/SpeedTree9/SpeedTreeWind.uasset" 273
"../../../Engine/Plugins/Editor/SpeedTreeImporter/Content/SpeedTree9/SpeedTreeWind.uexp" 274
"../../../Engine/Plugins/Editor/SpeedTreeImporter/Content/SpeedTree9/SpeedTreeBillboard.uasset" 275
"../../../Engine/Plugins/Editor/SpeedTreeImporter/Content/SpeedTree9/SpeedTreeBillboard.uexp" 276
"../../../Engine/Plugins/Editor/SpeedTreeImporter/Content/SpeedTree9/EmptyNormal.uasset" 277
"../../../Engine/Plugins/Editor/SpeedTreeImporter/Content/SpeedTree9/EmptyNormal.uexp" 278
"../../../Engine/Plugins/Editor/SpeedTreeImporter/Content/SpeedTree9/Empty.uasset" 279
"../../../Engine/Plugins/Editor/SpeedTreeImporter/Content/SpeedTree9/Empty.uexp" 280
"../../../Engine/Plugins/Editor/SpeedTreeImporter/Content/SpeedTree9/SpeedTreeBillboardMaster.uasset" 281
"../../../Engine/Plugins/Editor/SpeedTreeImporter/Content/SpeedTree9/SpeedTreeBillboardMaster.uexp" 282
"../../../Engine/Plugins/Editor/SpeedTreeImporter/Content/SpeedTree9/SpeedTreeCameraFacing.uasset" 283
"../../../Engine/Plugins/Editor/SpeedTreeImporter/Content/SpeedTree9/SpeedTreeCameraFacing.uexp" 284
"../../../Engine/Plugins/Editor/SpeedTreeImporter/Content/SpeedTree9/SpeedTreeMaster.uasset" 285
"../../../Engine/Plugins/Editor/SpeedTreeImporter/Content/SpeedTree9/SpeedTreeMaster.uexp" 286
"../../../Engine/Plugins/Runtime/OpenXR/Content/Devices/GoogleDaydream/MRTexture.uasset" 287
"../../../Engine/Plugins/Runtime/OpenXR/Content/Devices/GoogleDaydream/MRTexture.uexp" 288
"../../../Engine/Plugins/Runtime/OpenXR/Content/Devices/GoogleDaydream/MRTexture.ubulk" 289
"../../../Engine/Plugins/Runtime/OpenXR/Content/Devices/GoogleDaydream/BaseTexture.uasset" 290
"../../../Engine/Plugins/Runtime/OpenXR/Content/Devices/GoogleDaydream/BaseTexture.uexp" 291
"../../../Engine/Plugins/Runtime/OpenXR/Content/Devices/GoogleDaydream/BaseTexture.ubulk" 292
"../../../Engine/Content/EngineResources/Black.uasset" 293
"../../../Engine/Content/EngineResources/Black.uexp" 294
"../../../Engine/Plugins/Runtime/OpenXR/Content/Devices/M_XRController.uasset" 295
"../../../Engine/Plugins/Runtime/OpenXR/Content/Devices/M_XRController.uexp" 296
"../../../Engine/Plugins/Runtime/OpenXR/Content/Devices/GoogleDaydream/MI_GoogleDaydream.uasset" 297
"../../../Engine/Plugins/Runtime/OpenXR/Content/Devices/GoogleDaydream/MI_GoogleDaydream.uexp" 298
"../../../Engine/Plugins/Runtime/OpenXR/Content/Devices/GoogleDaydream/GoogleDaydreamController.uasset" 299
"../../../Engine/Plugins/Runtime/OpenXR/Content/Devices/GoogleDaydream/GoogleDaydreamController.uexp" 300
"../../../Engine/Plugins/Runtime/OpenXR/Content/Devices/HTCVive/BaseTexture.uasset" 301
"../../../Engine/Plugins/Runtime/OpenXR/Content/Devices/HTCVive/BaseTexture.uexp" 302
"../../../Engine/Plugins/Runtime/OpenXR/Content/Devices/HTCVive/BaseTexture.ubulk" 303
"../../../Engine/Plugins/Runtime/OpenXR/Content/Devices/HTCVive/MI_HTCVive.uasset" 304
"../../../Engine/Plugins/Runtime/OpenXR/Content/Devices/HTCVive/MI_HTCVive.uexp" 305
"../../../Engine/Plugins/Runtime/OpenXR/Content/Devices/HTCVive/HTCViveController.uasset" 306
"../../../Engine/Plugins/Runtime/OpenXR/Content/Devices/HTCVive/HTCViveController.uexp" 307
"../../../Engine/Plugins/Runtime/OpenXR/Content/Devices/MicrosoftMixedReality/NormalTexture.uasset" 308
"../../../Engine/Plugins/Runtime/OpenXR/Content/Devices/MicrosoftMixedReality/NormalTexture.uexp" 309
"../../../Engine/Plugins/Runtime/OpenXR/Content/Devices/MicrosoftMixedReality/NormalTexture.ubulk" 310
"../../../Engine/Plugins/Runtime/OpenXR/Content/Devices/MicrosoftMixedReality/MRTexture.uasset" 311
"../../../Engine/Plugins/Runtime/OpenXR/Content/Devices/MicrosoftMixedReality/MRTexture.uexp" 312
"../../../Engine/Plugins/Runtime/OpenXR/Content/Devices/MicrosoftMixedReality/MRTexture.ubulk" 313
"../../../Engine/Plugins/Runtime/OpenXR/Content/Devices/MicrosoftMixedReality/EmissiveTexture.uasset" 314
"../../../Engine/Plugins/Runtime/OpenXR/Content/Devices/MicrosoftMixedReality/EmissiveTexture.uexp" 315
"../../../Engine/Plugins/Runtime/OpenXR/Content/Devices/MicrosoftMixedReality/EmissiveTexture.ubulk" 316
"../../../Engine/Plugins/Runtime/OpenXR/Content/Devices/MicrosoftMixedReality/BaseTexture.uasset" 317
"../../../Engine/Plugins/Runtime/OpenXR/Content/Devices/MicrosoftMixedReality/BaseTexture.uexp" 318
"../../../Engine/Plugins/Runtime/OpenXR/Content/Devices/MicrosoftMixedReality/BaseTexture.ubulk" 319
"../../../Engine/Plugins/Runtime/OpenXR/Content/Devices/MicrosoftMixedReality/MI_MicrosoftMixedReality.uasset" 320
"../../../Engine/Plugins/Runtime/OpenXR/Content/Devices/MicrosoftMixedReality/MI_MicrosoftMixedReality.uexp" 321
"../../../Engine/Plugins/Runtime/OpenXR/Content/Devices/MicrosoftMixedReality/Left/left_MicrosoftMixedRealityController.uasset" 322
"../../../Engine/Plugins/Runtime/OpenXR/Content/Devices/MicrosoftMixedReality/Left/left_MicrosoftMixedRealityController.uexp" 323
"../../../Engine/Plugins/Runtime/OpenXR/Content/Devices/MicrosoftMixedReality/Right/right_MicrosoftMixedRealityController.uasset" 324
"../../../Engine/Plugins/Runtime/OpenXR/Content/Devices/MicrosoftMixedReality/Right/right_MicrosoftMixedRealityController.uexp" 325
"../../../Engine/Plugins/Runtime/OpenXR/Content/Devices/OculusGo/BaseTexture.uasset" 326
"../../../Engine/Plugins/Runtime/OpenXR/Content/Devices/OculusGo/BaseTexture.uexp" 327
"../../../Engine/Plugins/Runtime/OpenXR/Content/Devices/OculusGo/BaseTexture.ubulk" 328
"../../../Engine/Plugins/Runtime/OpenXR/Content/Devices/OculusGo/MI_OculusGo.uasset" 329
"../../../Engine/Plugins/Runtime/OpenXR/Content/Devices/OculusGo/MI_OculusGo.uexp" 330
"../../../Engine/Plugins/Runtime/OpenXR/Content/Devices/OculusGo/OculusGoController.uasset" 331
"../../../Engine/Plugins/Runtime/OpenXR/Content/Devices/OculusGo/OculusGoController.uexp" 332
"../../../Engine/Plugins/Runtime/OpenXR/Content/Devices/OculusTouch/MRTexture.uasset" 333
"../../../Engine/Plugins/Runtime/OpenXR/Content/Devices/OculusTouch/MRTexture.uexp" 334
"../../../Engine/Plugins/Runtime/OpenXR/Content/Devices/OculusTouch/MRTexture.ubulk" 335
"../../../Engine/Plugins/Runtime/OpenXR/Content/Devices/OculusTouch/BaseTexture.uasset" 336
"../../../Engine/Plugins/Runtime/OpenXR/Content/Devices/OculusTouch/BaseTexture.uexp" 337
"../../../Engine/Plugins/Runtime/OpenXR/Content/Devices/OculusTouch/BaseTexture.ubulk" 338
"../../../Engine/Plugins/Runtime/OpenXR/Content/Devices/OculusTouch/MI_OculusTouch.uasset" 339
"../../../Engine/Plugins/Runtime/OpenXR/Content/Devices/OculusTouch/MI_OculusTouch.uexp" 340
"../../../Engine/Plugins/Runtime/OpenXR/Content/Devices/OculusTouch/Left/left_OculusTouchController.uasset" 341
"../../../Engine/Plugins/Runtime/OpenXR/Content/Devices/OculusTouch/Left/left_OculusTouchController.uexp" 342
"../../../Engine/Plugins/Runtime/OpenXR/Content/Devices/OculusTouch/Right/right_OculusTouchController.uasset" 343
"../../../Engine/Plugins/Runtime/OpenXR/Content/Devices/OculusTouch/Right/right_OculusTouchController.uexp" 344
"../../../Engine/Plugins/Runtime/OpenXR/Content/Devices/OculusTouch_v2/MRTexture.uasset" 345
"../../../Engine/Plugins/Runtime/OpenXR/Content/Devices/OculusTouch_v2/MRTexture.uexp" 346
"../../../Engine/Plugins/Runtime/OpenXR/Content/Devices/OculusTouch_v2/MRTexture.ubulk" 347
"../../../Engine/Plugins/Runtime/OpenXR/Content/Devices/OculusTouch_v2/BaseTexture.uasset" 348
"../../../Engine/Plugins/Runtime/OpenXR/Content/Devices/OculusTouch_v2/BaseTexture.uexp" 349
"../../../Engine/Plugins/Runtime/OpenXR/Content/Devices/OculusTouch_v2/BaseTexture.ubulk" 350
"../../../Engine/Plugins/Runtime/OpenXR/Content/Devices/OculusTouch_v2/MI_OculusTouch_v2.uasset" 351
"../../../Engine/Plugins/Runtime/OpenXR/Content/Devices/OculusTouch_v2/MI_OculusTouch_v2.uexp" 352
"../../../Engine/Plugins/Runtime/OpenXR/Content/Devices/OculusTouch_v2/Left/left_OculusTouch_v2Controller.uasset" 353
"../../../Engine/Plugins/Runtime/OpenXR/Content/Devices/OculusTouch_v2/Left/left_OculusTouch_v2Controller.uexp" 354
"../../../Engine/Plugins/Runtime/OpenXR/Content/Devices/OculusTouch_v2/Right/right_OculusTouch_v2Controller.uasset" 355
"../../../Engine/Plugins/Runtime/OpenXR/Content/Devices/OculusTouch_v2/Right/right_OculusTouch_v2Controller.uexp" 356
"../../../Engine/Plugins/Runtime/OpenXR/Content/Devices/OculusTouch_v3/MRTexture.uasset" 357
"../../../Engine/Plugins/Runtime/OpenXR/Content/Devices/OculusTouch_v3/MRTexture.uexp" 358
"../../../Engine/Plugins/Runtime/OpenXR/Content/Devices/OculusTouch_v3/MRTexture.ubulk" 359
"../../../Engine/Plugins/Runtime/OpenXR/Content/Devices/OculusTouch_v3/BaseTexture.uasset" 360
"../../../Engine/Plugins/Runtime/OpenXR/Content/Devices/OculusTouch_v3/BaseTexture.uexp" 361
"../../../Engine/Plugins/Runtime/OpenXR/Content/Devices/OculusTouch_v3/BaseTexture.ubulk" 362
"../../../Engine/Plugins/Runtime/OpenXR/Content/Devices/OculusTouch_v3/MI_OculusTouch_v3.uasset" 363
"../../../Engine/Plugins/Runtime/OpenXR/Content/Devices/OculusTouch_v3/MI_OculusTouch_v3.uexp" 364
"../../../Engine/Plugins/Runtime/OpenXR/Content/Devices/OculusTouch_v3/Left/left_OculusTouch_v3Controller.uasset" 365
"../../../Engine/Plugins/Runtime/OpenXR/Content/Devices/OculusTouch_v3/Left/left_OculusTouch_v3Controller.uexp" 366
"../../../Engine/Plugins/Runtime/OpenXR/Content/Devices/OculusTouch_v3/Right/right_OculusTouch_v3Controller.uasset" 367
"../../../Engine/Plugins/Runtime/OpenXR/Content/Devices/OculusTouch_v3/Right/right_OculusTouch_v3Controller.uexp" 368
"../../../Engine/Plugins/Runtime/OpenXR/Content/Devices/ValveIndex/MRTexture.uasset" 369
"../../../Engine/Plugins/Runtime/OpenXR/Content/Devices/ValveIndex/MRTexture.uexp" 370
"../../../Engine/Plugins/Runtime/OpenXR/Content/Devices/ValveIndex/MRTexture.ubulk" 371
"../../../Engine/Plugins/Runtime/OpenXR/Content/Devices/ValveIndex/BaseTexture.uasset" 372
"../../../Engine/Plugins/Runtime/OpenXR/Content/Devices/ValveIndex/BaseTexture.uexp" 373
"../../../Engine/Plugins/Runtime/OpenXR/Content/Devices/ValveIndex/BaseTexture.ubulk" 374
"../../../Engine/Plugins/Runtime/OpenXR/Content/Devices/ValveIndex/Left/MI_left_ValveIndex.uasset" 375
"../../../Engine/Plugins/Runtime/OpenXR/Content/Devices/ValveIndex/Left/MI_left_ValveIndex.uexp" 376
"../../../Engine/Plugins/Runtime/OpenXR/Content/Devices/ValveIndex/Left/left_ValveIndexController.uasset" 377
"../../../Engine/Plugins/Runtime/OpenXR/Content/Devices/ValveIndex/Left/left_ValveIndexController.uexp" 378
"../../../Engine/Plugins/Runtime/OpenXR/Content/Devices/ValveIndex/Right/MI_right_ValveIndex.uasset" 379
"../../../Engine/Plugins/Runtime/OpenXR/Content/Devices/ValveIndex/Right/MI_right_ValveIndex.uexp" 380
"../../../Engine/Plugins/Runtime/OpenXR/Content/Devices/ValveIndex/Right/right_ValveIndexController.uasset" 381
"../../../Engine/Plugins/Runtime/OpenXR/Content/Devices/ValveIndex/Right/right_ValveIndexController.uexp" 382
"../../../Engine/Content/Functions/Engine_MaterialFunctions02/Utility/BreakOutFloat4Components.uasset" 383
"../../../Engine/Content/Functions/Engine_MaterialFunctions02/Utility/BreakOutFloat4Components.uexp" 384
"../../../Engine/Content/Functions/Engine_MaterialFunctions02/Utility/MakeFloat3.uasset" 385
"../../../Engine/Content/Functions/Engine_MaterialFunctions02/Utility/MakeFloat3.uexp" 386
"../../../Engine/Plugins/Runtime/Oculus/OculusVR/Content/Materials/OculusMR_ChromaKey.uasset" 387
"../../../Engine/Plugins/Runtime/Oculus/OculusVR/Content/Materials/OculusMR_ChromaKey.uexp" 388
"../../../Engine/Plugins/Runtime/Oculus/OculusVR/Content/Materials/OculusMR_OpaqueColoredMaterial.uasset" 389
"../../../Engine/Plugins/Runtime/Oculus/OculusVR/Content/Materials/OculusMR_OpaqueColoredMaterial.uexp" 390
"../../../Engine/Plugins/Runtime/Oculus/OculusVR/Content/Materials/PokeAHoleMaterial.uasset" 391
"../../../Engine/Plugins/Runtime/Oculus/OculusVR/Content/Materials/PokeAHoleMaterial.uexp" 392
"../../../Engine/Plugins/Runtime/Oculus/OculusVR/Content/Textures/touchController_controlmap.uasset" 393
"../../../Engine/Plugins/Runtime/Oculus/OculusVR/Content/Textures/touchController_controlmap.uexp" 394
"../../../Engine/Plugins/Runtime/Oculus/OculusVR/Content/Textures/touchController_controlmap.ubulk" 395
"../../../Engine/Plugins/Runtime/Oculus/OculusVR/Content/Textures/touchController_albedo.uasset" 396
"../../../Engine/Plugins/Runtime/Oculus/OculusVR/Content/Textures/touchController_albedo.uexp" 397
"../../../Engine/Plugins/Runtime/Oculus/OculusVR/Content/Textures/touchController_albedo.ubulk" 398
"../../../Engine/Plugins/Runtime/Oculus/OculusVR/Content/Materials/touchController_mat.uasset" 399
"../../../Engine/Plugins/Runtime/Oculus/OculusVR/Content/Materials/touchController_mat.uexp" 400
"../../../Engine/Plugins/Runtime/Oculus/OculusVR/Content/Meshes/LeftTouchController.uasset" 401
"../../../Engine/Plugins/Runtime/Oculus/OculusVR/Content/Meshes/LeftTouchController.uexp" 402
"../../../Engine/Plugins/Runtime/Oculus/OculusVR/Content/Textures/TouchForQuestRiftSController_albedo.uasset" 403
"../../../Engine/Plugins/Runtime/Oculus/OculusVR/Content/Textures/TouchForQuestRiftSController_albedo.uexp" 404
"../../../Engine/Plugins/Runtime/Oculus/OculusVR/Content/Textures/TouchForQuestRiftSController_albedo.ubulk" 405
"../../../Engine/Plugins/Runtime/Oculus/OculusVR/Content/Materials/TouchForQuestRiftSControllerMaterial.uasset" 406
"../../../Engine/Plugins/Runtime/Oculus/OculusVR/Content/Materials/TouchForQuestRiftSControllerMaterial.uexp" 407
"../../../Engine/Plugins/Runtime/Oculus/OculusVR/Content/Meshes/LeftTouchForQuestRiftSController.uasset" 408
"../../../Engine/Plugins/Runtime/Oculus/OculusVR/Content/Meshes/LeftTouchForQuestRiftSController.uexp" 409
"../../../Engine/Plugins/Runtime/Oculus/OculusVR/Content/Meshes/RiftHMD.uasset" 410
"../../../Engine/Plugins/Runtime/Oculus/OculusVR/Content/Meshes/RiftHMD.uexp" 411
"../../../Engine/Plugins/Runtime/Oculus/OculusVR/Content/Meshes/RightTouchController.uasset" 412
"../../../Engine/Plugins/Runtime/Oculus/OculusVR/Content/Meshes/RightTouchController.uexp" 413
"../../../Engine/Plugins/Runtime/Oculus/OculusVR/Content/Meshes/RightTouchForQuestRiftSController.uasset" 414
"../../../Engine/Plugins/Runtime/Oculus/OculusVR/Content/Meshes/RightTouchForQuestRiftSController.uexp" 415
"C:/Users/Administrator/Desktop/Cubes/Content/_Core/Models/Character/Mesh/SK_CubeCharacter_PhysicsAsset.uasset" 416
"C:/Users/Administrator/Desktop/Cubes/Content/_Core/Models/Character/Mesh/SK_CubeCharacter_PhysicsAsset.uexp" 417
"C:/Users/Administrator/Desktop/Cubes/Content/_Core/Models/Character/Mesh/SK_CubeCharacter_Skeleton.uasset" 418
"C:/Users/Administrator/Desktop/Cubes/Content/_Core/Models/Character/Mesh/SK_CubeCharacter_Skeleton.uexp" 419
"C:/Users/Administrator/Desktop/Cubes/Content/Materials/M_BaseColor.uasset" 420
"C:/Users/Administrator/Desktop/Cubes/Content/Materials/M_BaseColor.uexp" 421
"C:/Users/Administrator/Desktop/Cubes/Content/Materials/M_Purple.uasset" 422
"C:/Users/Administrator/Desktop/Cubes/Content/Materials/M_Purple.uexp" 423
"C:/Users/Administrator/Desktop/Cubes/Content/_Core/Models/Character/Mesh/SK_CubeCharacter.uasset" 424
"C:/Users/Administrator/Desktop/Cubes/Content/_Core/Models/Character/Mesh/SK_CubeCharacter.uexp" 425
"../../../Engine/Content/BasicShapes/Cube.uasset" 426
"../../../Engine/Content/BasicShapes/Cube.uexp" 427
"../../../Engine/Content/BasicShapes/BasicShapeMaterial.uasset" 428
"../../../Engine/Content/BasicShapes/BasicShapeMaterial.uexp" 429
"C:/Users/Administrator/Desktop/Cubes/Content/Maps/DemoLevel_BuiltData.uasset" 430
"C:/Users/Administrator/Desktop/Cubes/Content/Maps/DemoLevel_BuiltData.uexp" 431
"C:/Users/Administrator/Desktop/Cubes/Content/Maps/DemoLevel_BuiltData.ubulk" 432
"C:/Users/Administrator/Desktop/Cubes/Content/Blueprints/Interactable/Weapons/E_FireType.uasset" 433
"C:/Users/Administrator/Desktop/Cubes/Content/Blueprints/Interactable/Weapons/E_FireType.uexp" 434
"C:/Users/Administrator/Desktop/Cubes/Content/Blueprints/Interactable/Weapons/E_WeaponType.uasset" 435
"C:/Users/Administrator/Desktop/Cubes/Content/Blueprints/Interactable/Weapons/E_WeaponType.uexp" 436
"C:/Users/Administrator/Desktop/Cubes/Content/Blueprints/Interactable/Weapons/BPFL_Weapon.uasset" 437
"C:/Users/Administrator/Desktop/Cubes/Content/Blueprints/Interactable/Weapons/BPFL_Weapon.uexp" 438
"C:/Users/Administrator/Desktop/Cubes/Content/Blueprints/Interactable/Weapons/BPI_Weapon.uasset" 439
"C:/Users/Administrator/Desktop/Cubes/Content/Blueprints/Interactable/Weapons/BPI_Weapon.uexp" 440
"C:/Users/Administrator/Desktop/Cubes/Content/Blueprints/Inventory/BPI_Inventory.uasset" 441
"C:/Users/Administrator/Desktop/Cubes/Content/Blueprints/Inventory/BPI_Inventory.uexp" 442
"C:/Users/Administrator/Desktop/Cubes/Content/Blueprints/Character/E_Animations.uasset" 443
"C:/Users/Administrator/Desktop/Cubes/Content/Blueprints/Character/E_Animations.uexp" 444
"C:/Users/Administrator/Desktop/Cubes/Content/Blueprints/Character/BPI_Character.uasset" 445
"C:/Users/Administrator/Desktop/Cubes/Content/Blueprints/Character/BPI_Character.uexp" 446
"C:/Users/Administrator/Desktop/Cubes/Content/FirstPerson/FPWeapon/Mesh/SK_FPGun_Skeleton.uasset" 447
"C:/Users/Administrator/Desktop/Cubes/Content/FirstPerson/FPWeapon/Mesh/SK_FPGun_Skeleton.uexp" 448
"C:/Users/Administrator/Desktop/Cubes/Content/FirstPerson/FPWeapon/Textures/T_FPGun_N.uasset" 449
"C:/Users/Administrator/Desktop/Cubes/Content/FirstPerson/FPWeapon/Textures/T_FPGun_N.uexp" 450
"C:/Users/Administrator/Desktop/Cubes/Content/FirstPerson/FPWeapon/Textures/T_FPGun_N.ubulk" 451
"C:/Users/Administrator/Desktop/Cubes/Content/FirstPerson/FPWeapon/Textures/T_FPGun_M.uasset" 452
"C:/Users/Administrator/Desktop/Cubes/Content/FirstPerson/FPWeapon/Textures/T_FPGun_M.uexp" 453
"C:/Users/Administrator/Desktop/Cubes/Content/FirstPerson/FPWeapon/Textures/T_FPGun_M.ubulk" 454
"C:/Users/Administrator/Desktop/Cubes/Content/FirstPerson/FPWeapon/Materials/MaterialLayers/T_ML_Aluminum01_N.uasset" 455
"C:/Users/Administrator/Desktop/Cubes/Content/FirstPerson/FPWeapon/Materials/MaterialLayers/T_ML_Aluminum01_N.uexp" 456
"C:/Users/Administrator/Desktop/Cubes/Content/FirstPerson/FPWeapon/Materials/MaterialLayers/T_ML_Aluminum01_N.ubulk" 457
"C:/Users/Administrator/Desktop/Cubes/Content/FirstPerson/FPWeapon/Materials/MaterialLayers/T_ML_Aluminum01.uasset" 458
"C:/Users/Administrator/Desktop/Cubes/Content/FirstPerson/FPWeapon/Materials/MaterialLayers/T_ML_Aluminum01.uexp" 459
"C:/Users/Administrator/Desktop/Cubes/Content/FirstPerson/FPWeapon/Materials/MaterialLayers/T_ML_Aluminum01.ubulk" 460
"C:/Users/Administrator/Desktop/Cubes/Content/FirstPerson/FPWeapon/Materials/MaterialLayers/ML_SoftMetal_UE4.uasset" 461
"C:/Users/Administrator/Desktop/Cubes/Content/FirstPerson/FPWeapon/Materials/MaterialLayers/ML_SoftMetal_UE4.uexp" 462
"C:/Users/Administrator/Desktop/Cubes/Content/FirstPerson/FPWeapon/Materials/MaterialLayers/ML_Screen.uasset" 463
"C:/Users/Administrator/Desktop/Cubes/Content/FirstPerson/FPWeapon/Materials/MaterialLayers/ML_Screen.uexp" 464
"C:/Users/Administrator/Desktop/Cubes/Content/FirstPerson/FPWeapon/Materials/MaterialLayers/ML_Plastic_Shiny_Beige.uasset" 465
"C:/Users/Administrator/Desktop/Cubes/Content/FirstPerson/FPWeapon/Materials/MaterialLayers/ML_Plastic_Shiny_Beige.uexp" 466
"C:/Users/Administrator/Desktop/Cubes/Content/FirstPerson/FPWeapon/Materials/MaterialLayers/T_ML_Rubber_Blue_01_N.uasset" 467
"C:/Users/Administrator/Desktop/Cubes/Content/FirstPerson/FPWeapon/Materials/MaterialLayers/T_ML_Rubber_Blue_01_N.uexp" 468
"C:/Users/Administrator/Desktop/Cubes/Content/FirstPerson/FPWeapon/Materials/MaterialLayers/T_ML_Rubber_Blue_01_N.ubulk" 469
"C:/Users/Administrator/Desktop/Cubes/Content/FirstPerson/FPWeapon/Materials/MaterialLayers/T_ML_Rubber_Blue_01_D.uasset" 470
"C:/Users/Administrator/Desktop/Cubes/Content/FirstPerson/FPWeapon/Materials/MaterialLayers/T_ML_Rubber_Blue_01_D.uexp" 471
"C:/Users/Administrator/Desktop/Cubes/Content/FirstPerson/FPWeapon/Materials/MaterialLayers/T_ML_Rubber_Blue_01_D.ubulk" 472
"C:/Users/Administrator/Desktop/Cubes/Content/FirstPerson/FPWeapon/Materials/MaterialLayers/ML_GlossyBlack_Latex_UE4.uasset" 473
"C:/Users/Administrator/Desktop/Cubes/Content/FirstPerson/FPWeapon/Materials/MaterialLayers/ML_GlossyBlack_Latex_UE4.uexp" 474
"../../../Engine/Content/Functions/MaterialLayerFunctions/MatLayerBlend_Simple.uasset" 475
"../../../Engine/Content/Functions/MaterialLayerFunctions/MatLayerBlend_Simple.uexp" 476
"../../../Engine/Content/Functions/Engine_MaterialFunctions02/Utility/BlendAngleCorrectedNormals.uasset" 477
"../../../Engine/Content/Functions/Engine_MaterialFunctions02/Utility/BlendAngleCorrectedNormals.uexp" 478
"../../../Engine/Content/Functions/MaterialLayerFunctions/MatLayerBlend_NormalBlend.uasset" 479
"../../../Engine/Content/Functions/MaterialLayerFunctions/MatLayerBlend_NormalBlend.uexp" 480
"C:/Users/Administrator/Desktop/Cubes/Content/FirstPerson/FPWeapon/Materials/M_FPGun.uasset" 481
"C:/Users/Administrator/Desktop/Cubes/Content/FirstPerson/FPWeapon/Materials/M_FPGun.uexp" 482
"C:/Users/Administrator/Desktop/Cubes/Content/FirstPerson/FPWeapon/Mesh/SK_FPGun.uasset" 483
"C:/Users/Administrator/Desktop/Cubes/Content/FirstPerson/FPWeapon/Mesh/SK_FPGun.uexp" 484
"C:/Users/Administrator/Desktop/Cubes/Content/_Core/Blueprints/Interactable/BPI_Interactable.uasset" 485
"C:/Users/Administrator/Desktop/Cubes/Content/_Core/Blueprints/Interactable/BPI_Interactable.uexp" 486
"C:/Users/Administrator/Desktop/Cubes/Content/_Core/Blueprints/BPML_Utilities.uasset" 487
"C:/Users/Administrator/Desktop/Cubes/Content/_Core/Blueprints/BPML_Utilities.uexp" 488
"C:/Users/Administrator/Desktop/Cubes/Content/_Core/Blueprints/GameInstance/BPI_GameInstance.uasset" 489
"C:/Users/Administrator/Desktop/Cubes/Content/_Core/Blueprints/GameInstance/BPI_GameInstance.uexp" 490
"C:/Users/Administrator/Desktop/Cubes/Content/_Core/Blueprints/GameInstance/BP_GameInstance.uasset" 491
"C:/Users/Administrator/Desktop/Cubes/Content/_Core/Blueprints/GameInstance/BP_GameInstance.uexp" 492
"C:/Users/Administrator/Desktop/Cubes/Content/CustomUI_01/Textures/buttons/button_01.uasset" 493
"C:/Users/Administrator/Desktop/Cubes/Content/CustomUI_01/Textures/buttons/button_01.uexp" 494
"C:/Users/Administrator/Desktop/Cubes/Content/CustomUI_01/Materials/_BaseClass/Buttons/M_UI_ButtonStatic.uasset" 495
"C:/Users/Administrator/Desktop/Cubes/Content/CustomUI_01/Materials/_BaseClass/Buttons/M_UI_ButtonStatic.uexp" 496
"C:/Users/Administrator/Desktop/Cubes/Content/CustomUI_01/Materials/Buttons/MI_UI_ButtonPressed_01.uasset" 497
"C:/Users/Administrator/Desktop/Cubes/Content/CustomUI_01/Materials/Buttons/MI_UI_ButtonPressed_01.uexp" 498
"C:/Users/Administrator/Desktop/Cubes/Content/CustomUI_01/Materials/Buttons/MI_UI_ButtonNormal_01.uasset" 499
"C:/Users/Administrator/Desktop/Cubes/Content/CustomUI_01/Materials/Buttons/MI_UI_ButtonNormal_01.uexp" 500
"../../../Engine/Content/Functions/UserInterface/GetUserInterfaceUV.uasset" 501
"../../../Engine/Content/Functions/UserInterface/GetUserInterfaceUV.uexp" 502
"C:/Users/Administrator/Desktop/Cubes/Content/CustomUI_01/Materials/_BaseClass/Buttons/M_UI_ButtonAnimated.uasset" 503
"C:/Users/Administrator/Desktop/Cubes/Content/CustomUI_01/Materials/_BaseClass/Buttons/M_UI_ButtonAnimated.uexp" 504
"C:/Users/Administrator/Desktop/Cubes/Content/CustomUI_01/Materials/Buttons/M_UI_ButtonHover_01.uasset" 505
"C:/Users/Administrator/Desktop/Cubes/Content/CustomUI_01/Materials/Buttons/M_UI_ButtonHover_01.uexp" 506
"C:/Users/Administrator/Desktop/Cubes/Content/Blueprints/Abilities/E_AbilityTypes.uasset" 507
"C:/Users/Administrator/Desktop/Cubes/Content/Blueprints/Abilities/E_AbilityTypes.uexp" 508
"C:/Users/Administrator/Desktop/Cubes/Content/Blueprints/Abilities/BP_AbilityBase.uasset" 509
"C:/Users/Administrator/Desktop/Cubes/Content/Blueprints/Abilities/BP_AbilityBase.uexp" 510
"C:/Users/Administrator/Desktop/Cubes/Content/Blueprints/Abilities/S_Abilities.uasset" 511
"C:/Users/Administrator/Desktop/Cubes/Content/Blueprints/Abilities/S_Abilities.uexp" 512
"C:/Users/Administrator/Desktop/Cubes/Content/MobileStarterContent/Textures/T_Spark_Core.uasset" 513
"C:/Users/Administrator/Desktop/Cubes/Content/MobileStarterContent/Textures/T_Spark_Core.uexp" 514
"C:/Users/Administrator/Desktop/Cubes/Content/MobileStarterContent/Textures/T_Spark_Core.ubulk" 515
"C:/Users/Administrator/Desktop/Cubes/Content/MobileStarterContent/Textures/T_Fire_Tiled_D.uasset" 516
"C:/Users/Administrator/Desktop/Cubes/Content/MobileStarterContent/Textures/T_Fire_Tiled_D.uexp" 517
"C:/Users/Administrator/Desktop/Cubes/Content/MobileStarterContent/Textures/T_Fire_Tiled_D.ubulk" 518
"C:/Users/Administrator/Desktop/Cubes/Content/MobileStarterContent/Textures/T_Burst_M.uasset" 519
"C:/Users/Administrator/Desktop/Cubes/Content/MobileStarterContent/Textures/T_Burst_M.uexp" 520
"C:/Users/Administrator/Desktop/Cubes/Content/MobileStarterContent/Textures/T_Burst_M.ubulk" 521
"C:/Users/Administrator/Desktop/Cubes/Content/_Core/Models/Chest/Coins.uasset" 522
"C:/Users/Administrator/Desktop/Cubes/Content/_Core/Models/Chest/Coins.uexp" 523
"C:/Users/Administrator/Desktop/Cubes/Content/_Core/Models/Chest/Coins.ubulk" 524
"C:/Users/Administrator/Desktop/Cubes/Content/Blueprints/Abilities/PassiveAbility/S_PassiveAbility.uasset" 525
"C:/Users/Administrator/Desktop/Cubes/Content/Blueprints/Abilities/PassiveAbility/S_PassiveAbility.uexp" 526
"C:/Users/Administrator/Desktop/Cubes/Content/Blueprints/Abilities/PassiveAbility/DT_PassiveAbility.uasset" 527
"C:/Users/Administrator/Desktop/Cubes/Content/Blueprints/Abilities/PassiveAbility/DT_PassiveAbility.uexp" 528
"C:/Users/Administrator/Desktop/Cubes/Content/Blueprints/Abilities/ActiveAbility/S_ActiveAbility.uasset" 529
"C:/Users/Administrator/Desktop/Cubes/Content/Blueprints/Abilities/ActiveAbility/S_ActiveAbility.uexp" 530
"C:/Users/Administrator/Desktop/Cubes/Content/Blueprints/Abilities/ActiveAbility/DT_ActiveAbility.uasset" 531
"C:/Users/Administrator/Desktop/Cubes/Content/Blueprints/Abilities/ActiveAbility/DT_ActiveAbility.uexp" 532
"C:/Users/Administrator/Desktop/Cubes/Content/Blueprints/Abilities/PassiveAbility/BP_PassiveAbilityBase.uasset" 533
"C:/Users/Administrator/Desktop/Cubes/Content/Blueprints/Abilities/PassiveAbility/BP_PassiveAbilityBase.uexp" 534
"C:/Users/Administrator/Desktop/Cubes/Content/Blueprints/Abilities/BPFL_Abilities.uasset" 535
"C:/Users/Administrator/Desktop/Cubes/Content/Blueprints/Abilities/BPFL_Abilities.uexp" 536
"C:/Users/Administrator/Desktop/Cubes/Content/Blueprints/Abilities/PassiveAbility/BP_MultiplySpeed.uasset" 537
"C:/Users/Administrator/Desktop/Cubes/Content/Blueprints/Abilities/PassiveAbility/BP_MultiplySpeed.uexp" 538
"C:/Users/Administrator/Desktop/Cubes/Content/Blueprints/Health/E_HealthRecieveType.uasset" 539
"C:/Users/Administrator/Desktop/Cubes/Content/Blueprints/Health/E_HealthRecieveType.uexp" 540
"C:/Users/Administrator/Desktop/Cubes/Content/Blueprints/Health/BPI_HealthComponent.uasset" 541
"C:/Users/Administrator/Desktop/Cubes/Content/Blueprints/Health/BPI_HealthComponent.uexp" 542
"C:/Users/Administrator/Desktop/Cubes/Content/_Core/Blueprints/Interactable/BP_InteractableBase.uasset" 543
"C:/Users/Administrator/Desktop/Cubes/Content/_Core/Blueprints/Interactable/BP_InteractableBase.uexp" 544
"C:/Users/Administrator/Desktop/Cubes/Content/Blueprints/Widget/WBP_InteractItem.uasset" 545
"C:/Users/Administrator/Desktop/Cubes/Content/Blueprints/Widget/WBP_InteractItem.uexp" 546
"C:/Users/Administrator/Desktop/Cubes/Content/Blueprints/Widget/UIElements/S_UIButton.uasset" 547
"C:/Users/Administrator/Desktop/Cubes/Content/Blueprints/Widget/UIElements/S_UIButton.uexp" 548
"C:/Users/Administrator/Desktop/Cubes/Content/Blueprints/Widget/UIElements/BPI_UIButton.uasset" 549
"C:/Users/Administrator/Desktop/Cubes/Content/Blueprints/Widget/UIElements/BPI_UIButton.uexp" 550
"C:/Users/Administrator/Desktop/Cubes/Content/UltimateTouchComponents/Showcase/Blueprints/Widgets/Textures/CrosshairIcon.uasset" 551
"C:/Users/Administrator/Desktop/Cubes/Content/UltimateTouchComponents/Showcase/Blueprints/Widgets/Textures/CrosshairIcon.uexp" 552
"C:/Users/Administrator/Desktop/Cubes/Content/Blueprints/Widget/UIElements/drop-weapon-pngrepo-com.uasset" 553
"C:/Users/Administrator/Desktop/Cubes/Content/Blueprints/Widget/UIElements/drop-weapon-pngrepo-com.uexp" 554
"C:/Users/Administrator/Desktop/Cubes/Content/Blueprints/Widget/UIElements/drop-weapon-pngrepo-com.ubulk" 555
"C:/Users/Administrator/Desktop/Cubes/Content/Blueprints/Widget/UIElements/switch-weapon.uasset" 556
"C:/Users/Administrator/Desktop/Cubes/Content/Blueprints/Widget/UIElements/switch-weapon.uexp" 557
"C:/Users/Administrator/Desktop/Cubes/Content/Blueprints/Widget/UIElements/switch-weapon.ubulk" 558
"C:/Users/Administrator/Desktop/Cubes/Content/Blueprints/Widget/UIElements/216623_extract_icon.uasset" 559
"C:/Users/Administrator/Desktop/Cubes/Content/Blueprints/Widget/UIElements/216623_extract_icon.uexp" 560
"C:/Users/Administrator/Desktop/Cubes/Content/Blueprints/Widget/UIElements/216623_extract_icon.ubulk" 561
"C:/Users/Administrator/Desktop/Cubes/Content/Blueprints/Widget/UIElements/DT_UIButton.uasset" 562
"C:/Users/Administrator/Desktop/Cubes/Content/Blueprints/Widget/UIElements/DT_UIButton.uexp" 563
"C:/Users/Administrator/Desktop/Cubes/Content/Blueprints/Widget/UIElements/WBP_UIButtonBase.uasset" 564
"C:/Users/Administrator/Desktop/Cubes/Content/Blueprints/Widget/UIElements/WBP_UIButtonBase.uexp" 565
"C:/Users/Administrator/Desktop/Cubes/Content/Blueprints/Widget/UIElements/WBP_Interact.uasset" 566
"C:/Users/Administrator/Desktop/Cubes/Content/Blueprints/Widget/UIElements/WBP_Interact.uexp" 567
"C:/Users/Administrator/Desktop/Cubes/Content/Blueprints/Widget/UIElements/WBP_Fire.uasset" 568
"C:/Users/Administrator/Desktop/Cubes/Content/Blueprints/Widget/UIElements/WBP_Fire.uexp" 569
"C:/Users/Administrator/Desktop/Cubes/Content/Blueprints/Widget/UIElements/WBP_DropWeapon.uasset" 570
"C:/Users/Administrator/Desktop/Cubes/Content/Blueprints/Widget/UIElements/WBP_DropWeapon.uexp" 571
"C:/Users/Administrator/Desktop/Cubes/Content/_Core/Blueprints/Component/AC_ComponentBase.uasset" 572
"C:/Users/Administrator/Desktop/Cubes/Content/_Core/Blueprints/Component/AC_ComponentBase.uexp" 573
"C:/Users/Administrator/Desktop/Cubes/Content/_Core/Blueprints/Component/AC_WeaponInventory.uasset" 574
"C:/Users/Administrator/Desktop/Cubes/Content/_Core/Blueprints/Component/AC_WeaponInventory.uexp" 575
"C:/Users/Administrator/Desktop/Cubes/Content/Blueprints/Widget/UIElements/WBP_ChangeWeapon.uasset" 576
"C:/Users/Administrator/Desktop/Cubes/Content/Blueprints/Widget/UIElements/WBP_ChangeWeapon.uexp" 577
"C:/Users/Administrator/Desktop/Cubes/Content/Sounds/Judge/Shotgun.uasset" 578
"C:/Users/Administrator/Desktop/Cubes/Content/Sounds/Judge/Shotgun.uexp" 579
"C:/Users/Administrator/Desktop/Cubes/Content/Sounds/Judge/ShotgunCue.uasset" 580
"C:/Users/Administrator/Desktop/Cubes/Content/Sounds/Judge/ShotgunCue.uexp" 581
"C:/Users/Administrator/Desktop/Cubes/Content/FirstPerson/FPWeapon/Materials/M_Gun_Red.uasset" 582
"C:/Users/Administrator/Desktop/Cubes/Content/FirstPerson/FPWeapon/Materials/M_Gun_Red.uexp" 583
"C:/Users/Administrator/Desktop/Cubes/Content/Blueprints/Interactable/Weapons/BP_ShotGun.uasset" 584
"C:/Users/Administrator/Desktop/Cubes/Content/Blueprints/Interactable/Weapons/BP_ShotGun.uexp" 585
"C:/Users/Administrator/Desktop/Cubes/Content/Blueprints/Interactable/Weapons/BP_Secondary.uasset" 586
"C:/Users/Administrator/Desktop/Cubes/Content/Blueprints/Interactable/Weapons/BP_Secondary.uexp" 587
"C:/Users/Administrator/Desktop/Cubes/Content/Blueprints/Inventory/AC_Inventory.uasset" 588
"C:/Users/Administrator/Desktop/Cubes/Content/Blueprints/Inventory/AC_Inventory.uexp" 589
"C:/Users/Administrator/Desktop/Cubes/Content/Blueprints/Widget/WBP_Hud.uasset" 590
"C:/Users/Administrator/Desktop/Cubes/Content/Blueprints/Widget/WBP_Hud.uexp" 591
"C:/Users/Administrator/Desktop/Cubes/Content/Blueprints/Abilities/Widget/WBP_AbilitySlot.uasset" 592
"C:/Users/Administrator/Desktop/Cubes/Content/Blueprints/Abilities/Widget/WBP_AbilitySlot.uexp" 593
"C:/Users/Administrator/Desktop/Cubes/Content/Blueprints/Abilities/AC_Abilities.uasset" 594
"C:/Users/Administrator/Desktop/Cubes/Content/Blueprints/Abilities/AC_Abilities.uexp" 595
"C:/Users/Administrator/Desktop/Cubes/Content/Blueprints/Abilities/PassiveAbility/BP_HealthRegenerationAbility.uasset" 596
"C:/Users/Administrator/Desktop/Cubes/Content/Blueprints/Abilities/PassiveAbility/BP_HealthRegenerationAbility.uexp" 597
"C:/Users/Administrator/Desktop/Cubes/Content/Blueprints/Abilities/PassiveAbility/BP_DamageMultiplier.uasset" 598
"C:/Users/Administrator/Desktop/Cubes/Content/Blueprints/Abilities/PassiveAbility/BP_DamageMultiplier.uexp" 599
"C:/Users/Administrator/Desktop/Cubes/Content/Blueprints/Abilities/ActiveAbility/BP_ActiveAbilityBase.uasset" 600
"C:/Users/Administrator/Desktop/Cubes/Content/Blueprints/Abilities/ActiveAbility/BP_ActiveAbilityBase.uexp" 601
"C:/Users/Administrator/Desktop/Cubes/Content/Blueprints/Abilities/ActiveAbility/BP_DashAbility.uasset" 602
"C:/Users/Administrator/Desktop/Cubes/Content/Blueprints/Abilities/ActiveAbility/BP_DashAbility.uexp" 603
"C:/Users/Administrator/Desktop/Cubes/Content/Blueprints/Abilities/SpecialAbility/BP_SpecialAbility.uasset" 604
"C:/Users/Administrator/Desktop/Cubes/Content/Blueprints/Abilities/SpecialAbility/BP_SpecialAbility.uexp" 605
"C:/Users/Administrator/Desktop/Cubes/Content/Blueprints/Abilities/SpecialAbility/BP_DamageAround.uasset" 606
"C:/Users/Administrator/Desktop/Cubes/Content/Blueprints/Abilities/SpecialAbility/BP_DamageAround.uexp" 607
"C:/Users/Administrator/Desktop/Cubes/Content/Blueprints/Abilities/DT_Abilities.uasset" 608
"C:/Users/Administrator/Desktop/Cubes/Content/Blueprints/Abilities/DT_Abilities.uexp" 609
"C:/Users/Administrator/Desktop/Cubes/Content/Blueprints/Widget/WBP_ButtonBase.uasset" 610
"C:/Users/Administrator/Desktop/Cubes/Content/Blueprints/Widget/WBP_ButtonBase.uexp" 611
"C:/Users/Administrator/Desktop/Cubes/Content/Blueprints/Widget/WBP_StoreMenu.uasset" 612
"C:/Users/Administrator/Desktop/Cubes/Content/Blueprints/Widget/WBP_StoreMenu.uexp" 613
"C:/Users/Administrator/Desktop/Cubes/Content/Materials/M_Blue.uasset" 614
"C:/Users/Administrator/Desktop/Cubes/Content/Materials/M_Blue.uexp" 615
"C:/Users/Administrator/Desktop/Cubes/Content/_Core/Input/IA_SpecialAbility.uasset" 616
"C:/Users/Administrator/Desktop/Cubes/Content/_Core/Input/IA_SpecialAbility.uexp" 617
"C:/Users/Administrator/Desktop/Cubes/Content/_Core/Input/IA_Shoot.uasset" 618
"C:/Users/Administrator/Desktop/Cubes/Content/_Core/Input/IA_Shoot.uexp" 619
"C:/Users/Administrator/Desktop/Cubes/Content/_Core/Input/IA_PrimaryAbility.uasset" 620
"C:/Users/Administrator/Desktop/Cubes/Content/_Core/Input/IA_PrimaryAbility.uexp" 621
"C:/Users/Administrator/Desktop/Cubes/Content/_Core/Input/IA_Interact.uasset" 622
"C:/Users/Administrator/Desktop/Cubes/Content/_Core/Input/IA_Interact.uexp" 623
"C:/Users/Administrator/Desktop/Cubes/Content/_Core/Input/IA_EquipSecondaryWeapon.uasset" 624
"C:/Users/Administrator/Desktop/Cubes/Content/_Core/Input/IA_EquipSecondaryWeapon.uexp" 625
"C:/Users/Administrator/Desktop/Cubes/Content/_Core/Input/IA_EquipPrimaryWeapon.uasset" 626
"C:/Users/Administrator/Desktop/Cubes/Content/_Core/Input/IA_EquipPrimaryWeapon.uexp" 627
"C:/Users/Administrator/Desktop/Cubes/Content/UltimateTouchComponents/Core/EUTCJoystickAxes.uasset" 628
"C:/Users/Administrator/Desktop/Cubes/Content/UltimateTouchComponents/Core/EUTCJoystickAxes.uexp" 629
"C:/Users/Administrator/Desktop/Cubes/Content/UltimateTouchComponents/Core/UTCDebugWidget.uasset" 630
"C:/Users/Administrator/Desktop/Cubes/Content/UltimateTouchComponents/Core/UTCDebugWidget.uexp" 631
"C:/Users/Administrator/Desktop/Cubes/Content/UltimateTouchComponents/Core/UTCJoystickDebugWidget.uasset" 632
"C:/Users/Administrator/Desktop/Cubes/Content/UltimateTouchComponents/Core/UTCJoystickDebugWidget.uexp" 633
"C:/Users/Administrator/Desktop/Cubes/Content/UltimateTouchComponents/Core/IUTCWidget.uasset" 634
"C:/Users/Administrator/Desktop/Cubes/Content/UltimateTouchComponents/Core/IUTCWidget.uexp" 635
"C:/Users/Administrator/Desktop/Cubes/Content/UltimateTouchComponents/Core/UTCComponent.uasset" 636
"C:/Users/Administrator/Desktop/Cubes/Content/UltimateTouchComponents/Core/UTCComponent.uexp" 637
"C:/Users/Administrator/Desktop/Cubes/Content/UltimateTouchComponents/Core/UTCJoystickComponent.uasset" 638
"C:/Users/Administrator/Desktop/Cubes/Content/UltimateTouchComponents/Core/UTCJoystickComponent.uexp" 639
"C:/Users/Administrator/Desktop/Cubes/Content/_Core/Input/IA_DropWeapon.uasset" 640
"C:/Users/Administrator/Desktop/Cubes/Content/_Core/Input/IA_DropWeapon.uexp" 641
"C:/Users/Administrator/Desktop/Cubes/Content/UltimateTouchComponents/Core/UTCMacroLibrary.uasset" 642
"C:/Users/Administrator/Desktop/Cubes/Content/UltimateTouchComponents/Core/UTCMacroLibrary.uexp" 643
"../../../Engine/Content/Animation/DefaultAnimCurveCompressionSettings.uasset" 644
"../../../Engine/Content/Animation/DefaultAnimCurveCompressionSettings.uexp" 645
"../../../Engine/Content/Animation/DefaultAnimBoneCompressionSettings.uasset" 646
"../../../Engine/Content/Animation/DefaultAnimBoneCompressionSettings.uexp" 647
"C:/Users/Administrator/Desktop/Cubes/Content/_Core/Models/Character/Animation/IdlePose.uasset" 648
"C:/Users/Administrator/Desktop/Cubes/Content/_Core/Models/Character/Animation/IdlePose.uexp" 649
"C:/Users/Administrator/Desktop/Cubes/Content/_Core/Models/Character/Animation/FireAnimation.uasset" 650
"C:/Users/Administrator/Desktop/Cubes/Content/_Core/Models/Character/Animation/FireAnimation.uexp" 651
"C:/Users/Administrator/Desktop/Cubes/Content/_Core/Models/Character/Animation/FireAnimation_Montage.uasset" 652
"C:/Users/Administrator/Desktop/Cubes/Content/_Core/Models/Character/Animation/FireAnimation_Montage.uexp" 653
"C:/Users/Administrator/Desktop/Cubes/Content/Blueprints/Health/AC_HealthComponent.uasset" 654
"C:/Users/Administrator/Desktop/Cubes/Content/Blueprints/Health/AC_HealthComponent.uexp" 655
"C:/Users/Administrator/Desktop/Cubes/Content/MobileStarterContent/Textures/T_Smoke_Tiled_D.uasset" 656
"C:/Users/Administrator/Desktop/Cubes/Content/MobileStarterContent/Textures/T_Smoke_Tiled_D.uexp" 657
"C:/Users/Administrator/Desktop/Cubes/Content/MobileStarterContent/Textures/T_Smoke_Tiled_D.ubulk" 658
"C:/Users/Administrator/Desktop/Cubes/Content/MobileStarterContent/Textures/T_Smoke_SubUV.uasset" 659
"C:/Users/Administrator/Desktop/Cubes/Content/MobileStarterContent/Textures/T_Smoke_SubUV.uexp" 660
"C:/Users/Administrator/Desktop/Cubes/Content/MobileStarterContent/Textures/T_Smoke_SubUV.ubulk" 661
"C:/Users/Administrator/Desktop/Cubes/Content/MobileStarterContent/Particles/Materials/M_smoke_subUV.uasset" 662
"C:/Users/Administrator/Desktop/Cubes/Content/MobileStarterContent/Particles/Materials/M_smoke_subUV.uexp" 663
"../../../Engine/Content/Functions/Engine_MaterialFunctions01/Gradient/RadialGradient.uasset" 664
"../../../Engine/Content/Functions/Engine_MaterialFunctions01/Gradient/RadialGradient.uexp" 665
"C:/Users/Administrator/Desktop/Cubes/Content/MobileStarterContent/Particles/Materials/M_radial_ramp.uasset" 666
"C:/Users/Administrator/Desktop/Cubes/Content/MobileStarterContent/Particles/Materials/M_radial_ramp.uexp" 667
"C:/Users/Administrator/Desktop/Cubes/Content/MobileStarterContent/Particles/Materials/m_flare_01.uasset" 668
"C:/Users/Administrator/Desktop/Cubes/Content/MobileStarterContent/Particles/Materials/m_flare_01.uexp" 669
"C:/Users/Administrator/Desktop/Cubes/Content/MobileStarterContent/Textures/T_Explosion_SubUV.uasset" 670
"C:/Users/Administrator/Desktop/Cubes/Content/MobileStarterContent/Textures/T_Explosion_SubUV.uexp" 671
"C:/Users/Administrator/Desktop/Cubes/Content/MobileStarterContent/Textures/T_Explosion_SubUV.ubulk" 672
"C:/Users/Administrator/Desktop/Cubes/Content/MobileStarterContent/Particles/Materials/M_explosion_subUV.uasset" 673
"C:/Users/Administrator/Desktop/Cubes/Content/MobileStarterContent/Particles/Materials/M_explosion_subUV.uexp" 674
"C:/Users/Administrator/Desktop/Cubes/Content/MobileStarterContent/Particles/Materials/M_Burst.uasset" 675
"C:/Users/Administrator/Desktop/Cubes/Content/MobileStarterContent/Particles/Materials/M_Burst.uexp" 676
"C:/Users/Administrator/Desktop/Cubes/Content/MobileStarterContent/Particles/P_Explosion.uasset" 677
"C:/Users/Administrator/Desktop/Cubes/Content/MobileStarterContent/Particles/P_Explosion.uexp" 678
"C:/Users/Administrator/Desktop/Cubes/Content/Blueprints/Interactable/RandomSpawner/S_SpawnerObjects.uasset" 679
"C:/Users/Administrator/Desktop/Cubes/Content/Blueprints/Interactable/RandomSpawner/S_SpawnerObjects.uexp" 680
"C:/Users/Administrator/Desktop/Cubes/Content/Blueprints/Interactable/RandomSpawner/E_SpawnedObjects.uasset" 681
"C:/Users/Administrator/Desktop/Cubes/Content/Blueprints/Interactable/RandomSpawner/E_SpawnedObjects.uexp" 682
"C:/Users/Administrator/Desktop/Cubes/Content/FirstPerson/FPWeapon/Materials/M_Gun_Blue.uasset" 683
"C:/Users/Administrator/Desktop/Cubes/Content/FirstPerson/FPWeapon/Materials/M_Gun_Blue.uexp" 684
"C:/Users/Administrator/Desktop/Cubes/Content/Blueprints/Interactable/Weapons/BP_Semi.uasset" 685
"C:/Users/Administrator/Desktop/Cubes/Content/Blueprints/Interactable/Weapons/BP_Semi.uexp" 686
"C:/Users/Administrator/Desktop/Cubes/Content/_Core/Models/Coin/Skel_Coin.uasset" 687
"C:/Users/Administrator/Desktop/Cubes/Content/_Core/Models/Coin/Skel_Coin.uexp" 688
"C:/Users/Administrator/Desktop/Cubes/Content/_Core/Models/Coin/face_bit.uasset" 689
"C:/Users/Administrator/Desktop/Cubes/Content/_Core/Models/Coin/face_bit.uexp" 690
"C:/Users/Administrator/Desktop/Cubes/Content/_Core/Models/Coin/face_bit.ubulk" 691
"C:/Users/Administrator/Desktop/Cubes/Content/_Core/Models/Coin/M_Coin.uasset" 692
"C:/Users/Administrator/Desktop/Cubes/Content/_Core/Models/Coin/M_Coin.uexp" 693
"C:/Users/Administrator/Desktop/Cubes/Content/_Core/Models/Coin/Coin_PhysicAsset.uasset" 694
"C:/Users/Administrator/Desktop/Cubes/Content/_Core/Models/Coin/Coin_PhysicAsset.uexp" 695
"C:/Users/Administrator/Desktop/Cubes/Content/_Core/Models/Coin/SK_Coin.uasset" 696
"C:/Users/Administrator/Desktop/Cubes/Content/_Core/Models/Coin/SK_Coin.uexp" 697
"C:/Users/Administrator/Desktop/Cubes/Content/Blueprints/Interactable/Coin/BP_CoinBase.uasset" 698
"C:/Users/Administrator/Desktop/Cubes/Content/Blueprints/Interactable/Coin/BP_CoinBase.uexp" 699
"C:/Users/Administrator/Desktop/Cubes/Content/Materials/M_Green.uasset" 700
"C:/Users/Administrator/Desktop/Cubes/Content/Materials/M_Green.uexp" 701
"C:/Users/Administrator/Desktop/Cubes/Content/Blueprints/Interactable/Weapons/BP_Secondary2.uasset" 702
"C:/Users/Administrator/Desktop/Cubes/Content/Blueprints/Interactable/Weapons/BP_Secondary2.uexp" 703
"C:/Users/Administrator/Desktop/Cubes/Content/_Core/Models/Chest/TreasureChest_Metal.uasset" 704
"C:/Users/Administrator/Desktop/Cubes/Content/_Core/Models/Chest/TreasureChest_Metal.uexp" 705
"C:/Users/Administrator/Desktop/Cubes/Content/_Core/Models/Chest/TreasureChest_Metal.ubulk" 706
"C:/Users/Administrator/Desktop/Cubes/Content/_Core/Models/Chest/TreasureChest_WoodGold.uasset" 707
"C:/Users/Administrator/Desktop/Cubes/Content/_Core/Models/Chest/TreasureChest_WoodGold.uexp" 708
"C:/Users/Administrator/Desktop/Cubes/Content/_Core/Models/Chest/TreasureChest_WoodGold.ubulk" 709
"C:/Users/Administrator/Desktop/Cubes/Content/_Core/Models/Chest/M_Chest.uasset" 710
"C:/Users/Administrator/Desktop/Cubes/Content/_Core/Models/Chest/M_Chest.uexp" 711
"C:/Users/Administrator/Desktop/Cubes/Content/_Core/Models/Chest/MI_WeaponChest.uasset" 712
"C:/Users/Administrator/Desktop/Cubes/Content/_Core/Models/Chest/MI_WeaponChest.uexp" 713
"C:/Users/Administrator/Desktop/Cubes/Content/_Core/Materials/M_Color.uasset" 714
"C:/Users/Administrator/Desktop/Cubes/Content/_Core/Materials/M_Color.uexp" 715
"C:/Users/Administrator/Desktop/Cubes/Content/_Core/Materials/MI_Gold.uasset" 716
"C:/Users/Administrator/Desktop/Cubes/Content/_Core/Materials/MI_Gold.uexp" 717
"C:/Users/Administrator/Desktop/Cubes/Content/Blueprints/Interactable/Chest/E_ChestStatus.uasset" 718
"C:/Users/Administrator/Desktop/Cubes/Content/Blueprints/Interactable/Chest/E_ChestStatus.uexp" 719
"C:/Users/Administrator/Desktop/Cubes/Content/_Core/Models/Chest/Chest_PhysicsAsset.uasset" 720
"C:/Users/Administrator/Desktop/Cubes/Content/_Core/Models/Chest/Chest_PhysicsAsset.uexp" 721
"C:/Users/Administrator/Desktop/Cubes/Content/_Core/Models/Chest/Chest_Skeleton.uasset" 722
"C:/Users/Administrator/Desktop/Cubes/Content/_Core/Models/Chest/Chest_Skeleton.uexp" 723
"C:/Users/Administrator/Desktop/Cubes/Content/_Core/Models/Chest/Chest.uasset" 724
"C:/Users/Administrator/Desktop/Cubes/Content/_Core/Models/Chest/Chest.uexp" 725
"C:/Users/Administrator/Desktop/Cubes/Content/_Core/Models/Chest/ChestOpenAnim.uasset" 726
"C:/Users/Administrator/Desktop/Cubes/Content/_Core/Models/Chest/ChestOpenAnim.uexp" 727
"C:/Users/Administrator/Desktop/Cubes/Content/_Core/Models/Chest/ABP_Chest.uasset" 728
"C:/Users/Administrator/Desktop/Cubes/Content/_Core/Models/Chest/ABP_Chest.uexp" 729
"C:/Users/Administrator/Desktop/Cubes/Content/Blueprints/Interactable/Chest/BP_ChestBase.uasset" 730
"C:/Users/Administrator/Desktop/Cubes/Content/Blueprints/Interactable/Chest/BP_ChestBase.uexp" 731
"C:/Users/Administrator/Desktop/Cubes/Content/Blueprints/Interactable/Chest/BP_WeaponChest.uasset" 732
"C:/Users/Administrator/Desktop/Cubes/Content/Blueprints/Interactable/Chest/BP_WeaponChest.uexp" 733
"C:/Users/Administrator/Desktop/Cubes/Content/Blueprints/Interactable/Chest/BP_CoinChest.uasset" 734
"C:/Users/Administrator/Desktop/Cubes/Content/Blueprints/Interactable/Chest/BP_CoinChest.uexp" 735
"C:/Users/Administrator/Desktop/Cubes/Content/Blueprints/Interactable/RandomSpawner/BP_RandomGiftSpawner.uasset" 736
"C:/Users/Administrator/Desktop/Cubes/Content/Blueprints/Interactable/RandomSpawner/BP_RandomGiftSpawner.uexp" 737
"C:/Users/Administrator/Desktop/Cubes/Content/_Core/Blueprints/Spawner/BP_SpawnerBase.uasset" 738
"C:/Users/Administrator/Desktop/Cubes/Content/_Core/Blueprints/Spawner/BP_SpawnerBase.uexp" 739
"C:/Users/Administrator/Desktop/Cubes/Content/Blueprints/Death/AC_Death.uasset" 740
"C:/Users/Administrator/Desktop/Cubes/Content/Blueprints/Death/AC_Death.uexp" 741
"C:/Users/Administrator/Desktop/Cubes/Content/_Core/Models/Character/Animation/AimOffset/Up.uasset" 742
"C:/Users/Administrator/Desktop/Cubes/Content/_Core/Models/Character/Animation/AimOffset/Up.uexp" 743
"C:/Users/Administrator/Desktop/Cubes/Content/_Core/Models/Character/Animation/AimOffset/Right.uasset" 744
"C:/Users/Administrator/Desktop/Cubes/Content/_Core/Models/Character/Animation/AimOffset/Right.uexp" 745
"C:/Users/Administrator/Desktop/Cubes/Content/_Core/Models/Character/Animation/AimOffset/Left.uasset" 746
"C:/Users/Administrator/Desktop/Cubes/Content/_Core/Models/Character/Animation/AimOffset/Left.uexp" 747
"C:/Users/Administrator/Desktop/Cubes/Content/_Core/Models/Character/Animation/AimOffset/Down.uasset" 748
"C:/Users/Administrator/Desktop/Cubes/Content/_Core/Models/Character/Animation/AimOffset/Down.uexp" 749
"C:/Users/Administrator/Desktop/Cubes/Content/_Core/Models/Character/Animation/AimOffset/AO_WeaponRotation.uasset" 750
"C:/Users/Administrator/Desktop/Cubes/Content/_Core/Models/Character/Animation/AimOffset/AO_WeaponRotation.uexp" 751
"C:/Users/Administrator/Desktop/Cubes/Content/_Core/Models/Character/Animation/AimOffset/aaaa.uasset" 752
"C:/Users/Administrator/Desktop/Cubes/Content/_Core/Models/Character/Animation/AimOffset/aaaa.uexp" 753
"C:/Users/Administrator/Desktop/Cubes/Content/_Core/Models/Character/Mesh/ABP_CharacterBase.uasset" 754
"C:/Users/Administrator/Desktop/Cubes/Content/_Core/Models/Character/Mesh/ABP_CharacterBase.uexp" 755
"C:/Users/Administrator/Desktop/Cubes/Content/Blueprints/Widget/BPI_HealthBar.uasset" 756
"C:/Users/Administrator/Desktop/Cubes/Content/Blueprints/Widget/BPI_HealthBar.uexp" 757
"C:/Users/Administrator/Desktop/Cubes/Content/Blueprints/Widget/WBP_HealthBar.uasset" 758
"C:/Users/Administrator/Desktop/Cubes/Content/Blueprints/Widget/WBP_HealthBar.uexp" 759
"C:/Users/Administrator/Desktop/Cubes/Content/_Core/Input/IMC_Default.uasset" 760
"C:/Users/Administrator/Desktop/Cubes/Content/_Core/Input/IMC_Default.uexp" 761
"C:/Users/Administrator/Desktop/Cubes/Content/_Core/Blueprints/Actor/BP_ActorBase.uasset" 762
"C:/Users/Administrator/Desktop/Cubes/Content/_Core/Blueprints/Actor/BP_ActorBase.uexp" 763
"C:/Users/Administrator/Desktop/Cubes/Content/Blueprints/Character/BP_CharacterBase.uasset" 764
"C:/Users/Administrator/Desktop/Cubes/Content/Blueprints/Character/BP_CharacterBase.uexp" 765
"C:/Users/Administrator/Desktop/Cubes/Content/_Core/Blueprints/BPFL_Utilities.uasset" 766
"C:/Users/Administrator/Desktop/Cubes/Content/_Core/Blueprints/BPFL_Utilities.uexp" 767
"C:/Users/Administrator/Desktop/Cubes/Content/Blueprints/Interactable/Weapons/BP_WeaponBase.uasset" 768
"C:/Users/Administrator/Desktop/Cubes/Content/Blueprints/Interactable/Weapons/BP_WeaponBase.uexp" 769
"C:/Users/Administrator/Desktop/Cubes/Content/Blueprints/Interactable/Weapons/S_WeaponMain.uasset" 770
"C:/Users/Administrator/Desktop/Cubes/Content/Blueprints/Interactable/Weapons/S_WeaponMain.uexp" 771
"C:/Users/Administrator/Desktop/Cubes/Content/Blueprints/Interactable/Weapons/DT_Weapon.uasset" 772
"C:/Users/Administrator/Desktop/Cubes/Content/Blueprints/Interactable/Weapons/DT_Weapon.uexp" 773
"C:/Users/Administrator/Desktop/Cubes/Content/_Core/Models/Chest/TreasureChest_Blue.uasset" 774
"C:/Users/Administrator/Desktop/Cubes/Content/_Core/Models/Chest/TreasureChest_Blue.uexp" 775
"C:/Users/Administrator/Desktop/Cubes/Content/_Core/Models/Chest/TreasureChest_Blue.ubulk" 776
"C:/Users/Administrator/Desktop/Cubes/Content/_Core/Models/Chest/M_Chest_Ability.uasset" 777
"C:/Users/Administrator/Desktop/Cubes/Content/_Core/Models/Chest/M_Chest_Ability.uexp" 778
"C:/Users/Administrator/Desktop/Cubes/Content/Blueprints/Interactable/Ability/BP_PickupAbility.uasset" 779
"C:/Users/Administrator/Desktop/Cubes/Content/Blueprints/Interactable/Ability/BP_PickupAbility.uexp" 780
"C:/Users/Administrator/Desktop/Cubes/Content/Blueprints/Interactable/Chest/BP_AbilityChest.uasset" 781
"C:/Users/Administrator/Desktop/Cubes/Content/Blueprints/Interactable/Chest/BP_AbilityChest.uexp" 782
"C:/Users/Administrator/Desktop/Cubes/Content/_Core/Blueprints/Actor/BP_PC_Base.uasset" 783
"C:/Users/Administrator/Desktop/Cubes/Content/_Core/Blueprints/Actor/BP_PC_Base.uexp" 784
"C:/Users/Administrator/Desktop/Cubes/Content/Blueprints/Character/BP_PC_Demo.uasset" 785
"C:/Users/Administrator/Desktop/Cubes/Content/Blueprints/Character/BP_PC_Demo.uexp" 786
"C:/Users/Administrator/Desktop/Cubes/Content/_Core/Blueprints/GameMode/BP_GM_Base.uasset" 787
"C:/Users/Administrator/Desktop/Cubes/Content/_Core/Blueprints/GameMode/BP_GM_Base.uexp" 788
"C:/Users/Administrator/Desktop/Cubes/Content/Blueprints/GameModes/BP_GM_Demo.uasset" 789
"C:/Users/Administrator/Desktop/Cubes/Content/Blueprints/GameModes/BP_GM_Demo.uexp" 790
"C:/Users/Administrator/Desktop/Cubes/Content/Materials/M_Red.uasset" 791
"C:/Users/Administrator/Desktop/Cubes/Content/Materials/M_Red.uexp" 792
"C:/Users/Administrator/Desktop/Cubes/Content/Blueprints/Character/BP_AIBase.uasset" 793
"C:/Users/Administrator/Desktop/Cubes/Content/Blueprints/Character/BP_AIBase.uexp" 794
"C:/Users/Administrator/Desktop/Cubes/Content/Maps/DemoLevel.uexp" 795
"C:/Users/Administrator/Desktop/Cubes/Content/Maps/DemoLevel.umap" 796
"C:/Users/Administrator/Desktop/Cubes/Content/Blueprints/Widget/MainMenu/WBP_MainMenuTitle.uasset" 797
"C:/Users/Administrator/Desktop/Cubes/Content/Blueprints/Widget/MainMenu/WBP_MainMenuTitle.uexp" 798
"C:/Users/Administrator/Desktop/Cubes/Content/Blueprints/Widget/MainMenu/WBP_MainMenuButton.uasset" 799
"C:/Users/Administrator/Desktop/Cubes/Content/Blueprints/Widget/MainMenu/WBP_MainMenuButton.uexp" 800
"C:/Users/Administrator/Desktop/Cubes/Content/Blueprints/Widget/MainMenu/WBP_MainMenu.uasset" 801
"C:/Users/Administrator/Desktop/Cubes/Content/Blueprints/Widget/MainMenu/WBP_MainMenu.uexp" 802
"C:/Users/Administrator/Desktop/Cubes/Content/Maps/MainMenu.uexp" 803
"C:/Users/Administrator/Desktop/Cubes/Content/Maps/MainMenu.umap" 804
